 Results from DEAP Version 2.1
 
Instruction file = 111.ins     
Data file          = 111.dta     
 
 Output orientated Malmquist DEA
 

 DISTANCES SUMMARY


 year =     1

   firm      crs te rel to tech in yr      vrs
    no.      ************************       te
              t-1         t       t+1
 
     1     0.000     1.000     0.996     1.000
     2     0.000     0.781     0.933     1.000
     3     0.000     0.508     0.575     0.611
     4     0.000     1.000     1.220     1.000
     5     0.000     0.533     0.604     0.536
     6     0.000     0.588     0.569     1.000
     7     0.000     0.496     0.485     0.713

 mean      0.000     0.701     0.769     0.837

 year =     2

   firm      crs te rel to tech in yr      vrs
    no.      ************************       te
              t-1         t       t+1
 
     1     1.266     1.000     1.067     1.000
     2     0.752     0.866     0.758     1.000
     3     0.575     0.631     0.550     0.702
     4     0.872     1.000     0.876     1.000
     5     0.535     0.621     0.554     0.624
     6     0.501     0.484     0.509     1.000
     7     0.631     0.608     0.551     0.773

 mean      0.733     0.744     0.695     0.871

 year =     3

   firm      crs te rel to tech in yr      vrs
    no.      ************************       te
              t-1         t       t+1
 
     1     1.078     1.000     1.025     1.000
     2     0.995     0.869     0.900     1.000
     3     0.715     0.633     0.630     0.768
     4     1.163     1.000     1.051     1.000
     5     0.715     0.634     0.655     0.639
     6     0.588     0.545     0.552     1.000
     7     0.633     0.585     0.571     1.000

 mean      0.841     0.752     0.769     0.915

 year =     4

   firm      crs te rel to tech in yr      vrs
    no.      ************************       te
              t-1         t       t+1
 
     1     1.505     1.000     0.000     1.000
     2     0.830     0.858     0.000     1.000
     3     0.721     0.715     0.000     0.818
     4     1.065     1.000     0.000     1.000
     5     0.555     0.574     0.000     0.580
     6     0.540     0.550     0.000     1.000
     7     0.668     0.635     0.000     0.964

 mean      0.841     0.762     0.000     0.909
 
 [Note that t-1 in year 1 and t+1 in the final year are not defined]


 MALMQUIST INDEX SUMMARY

 year =     2

   firm   effch  techch    pech    sech   tfpch
 
     1   1.000   1.127   1.000   1.000   1.127
     2   1.108   0.853   1.000   1.108   0.945
     3   1.242   0.897   1.150   1.081   1.114
     4   1.000   0.846   1.000   1.000   0.846
     5   1.165   0.872   1.163   1.002   1.016
     6   0.824   1.034   1.000   0.824   0.851
     7   1.227   1.030   1.084   1.131   1.264

 mean    1.071   0.946   1.054   1.016   1.013

 year =     3

   firm   effch  techch    pech    sech   tfpch
 
     1   1.000   1.005   1.000   1.000   1.005
     2   1.004   1.143   1.000   1.004   1.148
     3   1.002   1.139   1.093   0.917   1.142
     4   1.000   1.152   1.000   1.000   1.152
     5   1.022   1.124   1.025   0.997   1.149
     6   1.124   1.014   1.000   1.124   1.140
     7   0.962   1.093   1.294   0.743   1.051

 mean    1.015   1.094   1.054   0.963   1.111

 year =     4

   firm   effch  techch    pech    sech   tfpch
 
     1   1.000   1.212   1.000   1.000   1.212
     2   0.987   0.967   1.000   0.987   0.954
     3   1.131   1.007   1.066   1.061   1.138
     4   1.000   1.006   1.000   1.000   1.006
     5   0.905   0.968   0.908   0.997   0.876
     6   1.009   0.984   1.000   1.009   0.993
     7   1.085   1.038   0.964   1.126   1.127

 mean    1.014   1.023   0.990   1.025   1.038


 MALMQUIST INDEX SUMMARY OF ANNUAL MEANS

   year   effch  techch    pech    sech   tfpch
 
     2   1.071   0.946   1.054   1.016   1.013
     3   1.015   1.094   1.054   0.963   1.111
     4   1.014   1.023   0.990   1.025   1.038

 mean    1.033   1.019   1.033   1.001   1.053


 MALMQUIST INDEX SUMMARY OF FIRM MEANS

   firm   effch  techch    pech    sech   tfpch
 
     1   1.000   1.112   1.000   1.000   1.112
     2   1.032   0.980   1.000   1.032   1.012
     3   1.121   1.009   1.102   1.017   1.131
     4   1.000   0.994   1.000   1.000   0.994
     5   1.025   0.983   1.027   0.999   1.007
     6   0.978   1.010   1.000   0.978   0.988
     7   1.086   1.054   1.106   0.982   1.144

 mean    1.033   1.019   1.033   1.001   1.053
 
 [Note that all Malmquist index averages are geometric means]
